<?xml version="1.0" encoding="UTF-8"?>
<!-- Generated by org.testng.reporters.JUnitXMLReporter -->
<testsuite hostname="Dell" ignored="0" name="Default test" tests="5" failures="0" timestamp="2020-05-18T00:45:46 IST" time="84.065" errors="0">
  <testcase name="createAccountTest" time="34.943" classname="com.automation.tests.PracticeTest"/>
  <testcase name="addProductIntoCart" time="31.465" classname="com.automation.tests.PracticeTest"/>
  <testcase name="verifyTodatPriceOrderSummaryPage" time="0.107" classname="com.automation.tests.PracticeTest"/>
  <testcase name="proceedToChkOut" time="8.346" classname="com.automation.tests.PracticeTest"/>
  <testcase name="verifyTotalPriceOnPaymentSummaryPage" time="8.711" classname="com.automation.tests.PracticeTest"/>
</testsuite> <!-- Default test -->
