<?xml version="1.0" encoding="UTF-8"?>
<!-- Generated by org.testng.reporters.JUnitXMLReporter -->
<testsuite hostname="Dell" ignored="0" name="Practice Automation Test" tests="6" failures="0" timestamp="2020-05-18T01:17:06 IST" time="91.864" errors="0">
  <testcase name="createAccountTest" time="38.35" classname="com.automation.tests.PracticeTest"/>
  <testcase name="addProductIntoCart" time="32.721" classname="com.automation.tests.PracticeTest"/>
  <testcase name="verifyTodatPriceOrderSummaryPage" time="0.105" classname="com.automation.tests.PracticeTest"/>
  <testcase name="proceedToChkOut" time="9.501" classname="com.automation.tests.PracticeTest"/>
  <testcase name="verifyTotalPriceOnPaymentSummaryPage" time="5.953" classname="com.automation.tests.PracticeTest"/>
  <testcase name="verifyOrderHistory" time="4.422" classname="com.automation.tests.PracticeTest"/>
</testsuite> <!-- Practice Automation Test -->
